0 info it worked if it ends with ok
1 verbose cli [ 'c:\\Program Files\\nodejs\\node.exe',
1 verbose cli   'c:\\Program Files\\nodejs\\node_modules\\npm\\bin\\npm-cli.js',
1 verbose cli   'install' ]
2 info using npm@2.5.1
3 info using node@v0.12.0
4 verbose install where, deps [ 'c:\\Users\\andrew\\Documents\\GitHub\\ClearNLP-demo-website',
4 verbose install   [ 'angular',
4 verbose install     'bcrypt',
4 verbose install     'express',
4 verbose install     'mongodb',
4 verbose install     'mongoose',
4 verbose install     'n',
4 verbose install     'passport',
4 verbose install     'passport-local',
4 verbose install     'qunitjs' ] ]
5 verbose install where, peers [ 'c:\\Users\\andrew\\Documents\\GitHub\\ClearNLP-demo-website',
5 verbose install   [] ]
6 info preinstall ClearNLP-demo-website@1.0.0
7 verbose already installed skipping express@^4.11.2 c:\Users\andrew\Documents\GitHub\ClearNLP-demo-website
8 verbose already installed skipping mongodb@^1.4.31 c:\Users\andrew\Documents\GitHub\ClearNLP-demo-website
9 verbose already installed skipping mongoose@^3.8.24 c:\Users\andrew\Documents\GitHub\ClearNLP-demo-website
10 silly cache add args [ 'n@^1.2.13', null ]
11 verbose cache add spec n@^1.2.13
12 silly cache add parsed spec { raw: 'n@^1.2.13',
12 silly cache add   scope: null,
12 silly cache add   name: 'n',
12 silly cache add   rawSpec: '^1.2.13',
12 silly cache add   spec: '>=1.2.13 <2.0.0',
12 silly cache add   type: 'range' }
13 verbose addNamed n@>=1.2.13 <2.0.0
14 silly addNamed semver.valid null
15 silly addNamed semver.validRange >=1.2.13 <2.0.0
16 silly addNameRange { name: 'n', range: '>=1.2.13 <2.0.0', hasData: false }
17 silly mapToRegistry name n
18 silly mapToRegistry using default registry
19 silly mapToRegistry registry https://registry.npmjs.org/
20 silly mapToRegistry uri https://registry.npmjs.org/n
21 verbose addNameRange registry:https://registry.npmjs.org/n not in flight; fetching
22 verbose already installed skipping passport@^0.2.1 c:\Users\andrew\Documents\GitHub\ClearNLP-demo-website
23 verbose already installed skipping passport-local@^1.0.0 c:\Users\andrew\Documents\GitHub\ClearNLP-demo-website
24 verbose already installed skipping qunitjs@^1.17.1 c:\Users\andrew\Documents\GitHub\ClearNLP-demo-website
25 verbose already installed skipping angular@^1.3.13 c:\Users\andrew\Documents\GitHub\ClearNLP-demo-website
26 verbose already installed skipping bcrypt@^0.8.1 c:\Users\andrew\Documents\GitHub\ClearNLP-demo-website
27 verbose request uri https://registry.npmjs.org/n
28 verbose request no auth needed
29 info attempt registry request try #1 at 7:59:10 PM
30 verbose request id 5fdbd0d6ab7ef366
31 verbose etag "EFR6SUY9YZ75MTNUP5AYJVIV2"
32 http request GET https://registry.npmjs.org/n
33 http 200 https://registry.npmjs.org/n
34 silly get cb [ 200,
34 silly get   { date: 'Fri, 06 Mar 2015 00:59:10 GMT',
34 silly get     server: 'CouchDB/1.5.0 (Erlang OTP/R16B03)',
34 silly get     etag: '"D95SDM7YO9HU3CWJEYN84DY1O"',
34 silly get     'content-type': 'application/json',
34 silly get     'cache-control': 'max-age=60',
34 silly get     'content-length': '40036',
34 silly get     'accept-ranges': 'bytes',
34 silly get     via: '1.1 varnish',
34 silly get     age: '0',
34 silly get     'x-served-by': 'cache-jfk1026-JFK',
34 silly get     'x-cache': 'HIT',
34 silly get     'x-cache-hits': '1',
34 silly get     'x-timer': 'S1425603550.472216,VS0,VE356',
34 silly get     vary: 'Accept',
34 silly get     'keep-alive': 'timeout=10, max=50',
34 silly get     connection: 'Keep-Alive' } ]
35 verbose get saving n to C:\Users\andrew\AppData\Roaming\npm-cache\registry.npmjs.org\n\.cache.json
36 silly addNameRange number 2 { name: 'n', range: '>=1.2.13 <2.0.0', hasData: true }
37 silly addNameRange versions [ 'n',
37 silly addNameRange   [ '0.0.1',
37 silly addNameRange     '0.0.2',
37 silly addNameRange     '0.0.3',
37 silly addNameRange     '0.0.4',
37 silly addNameRange     '0.1.0',
37 silly addNameRange     '0.1.1',
37 silly addNameRange     '0.1.2',
37 silly addNameRange     '0.2.0',
37 silly addNameRange     '0.2.1',
37 silly addNameRange     '0.2.2',
37 silly addNameRange     '0.3.0',
37 silly addNameRange     '0.4.0',
37 silly addNameRange     '0.4.1',
37 silly addNameRange     '0.4.2',
37 silly addNameRange     '0.5.0',
37 silly addNameRange     '0.5.1',
37 silly addNameRange     '0.5.2',
37 silly addNameRange     '0.5.3',
37 silly addNameRange     '0.5.4',
37 silly addNameRange     '0.6.0',
37 silly addNameRange     '0.6.1',
37 silly addNameRange     '0.7.0',
37 silly addNameRange     '0.7.1',
37 silly addNameRange     '0.7.2',
37 silly addNameRange     '0.7.3',
37 silly addNameRange     '0.8.0',
37 silly addNameRange     '0.8.1',
37 silly addNameRange     '0.8.2',
37 silly addNameRange     '0.9.0',
37 silly addNameRange     '0.9.1',
37 silly addNameRange     '0.9.2',
37 silly addNameRange     '0.9.3',
37 silly addNameRange     '1.0.0',
37 silly addNameRange     '1.1.0',
37 silly addNameRange     '1.2.1',
37 silly addNameRange     '1.2.2',
37 silly addNameRange     '1.2.3',
37 silly addNameRange     '1.2.4',
37 silly addNameRange     '1.2.5',
37 silly addNameRange     '1.2.6',
37 silly addNameRange     '1.2.7',
37 silly addNameRange     '1.2.8',
37 silly addNameRange     '1.2.9',
37 silly addNameRange     '1.2.11',
37 silly addNameRange     '1.2.13',
37 silly addNameRange     '1.2.14' ] ]
38 verbose addNamed n@1.2.14
39 silly addNamed semver.valid 1.2.14
40 silly addNamed semver.validRange 1.2.14
41 silly mapToRegistry name n
42 silly mapToRegistry using default registry
43 silly mapToRegistry registry https://registry.npmjs.org/
44 silly mapToRegistry uri https://registry.npmjs.org/n
45 verbose addRemoteTarball https://registry.npmjs.org/n/-/n-1.2.14.tgz not in flight; adding
46 verbose addRemoteTarball [ 'https://registry.npmjs.org/n/-/n-1.2.14.tgz',
46 verbose addRemoteTarball   '7077636af32fc7e7303e33a99945d6135dc78020' ]
47 info retry fetch attempt 1 at 7:59:11 PM
48 info attempt registry request try #1 at 7:59:11 PM
49 http fetch GET https://registry.npmjs.org/n/-/n-1.2.14.tgz
50 http fetch 200 https://registry.npmjs.org/n/-/n-1.2.14.tgz
51 silly fetchAndShaCheck shasum 7077636af32fc7e7303e33a99945d6135dc78020
52 verbose addTmpTarball C:\Users\andrew\AppData\Local\Temp\npm-472-a35bf001\registry.npmjs.org\n\-\n-1.2.14.tgz not in flight; adding
53 verbose addTmpTarball already have metadata; skipping unpack for n@1.2.14
54 silly cache afterAdd n@1.2.14
55 verbose afterAdd C:\Users\andrew\AppData\Roaming\npm-cache\n\1.2.14\package\package.json not in flight; writing
56 verbose afterAdd C:\Users\andrew\AppData\Roaming\npm-cache\n\1.2.14\package\package.json written
57 silly install resolved [ { name: 'n',
57 silly install resolved     description: 'node version manager',
57 silly install resolved     version: '1.2.14',
57 silly install resolved     author: { name: 'TJ Holowaychuk', email: 'tj@vision-media.ca' },
57 silly install resolved     homepage: 'https://github.com/tj/n',
57 silly install resolved     bugs: { url: 'https://github.com/tj/n/issues' },
57 silly install resolved     contributors: [ [Object] ],
57 silly install resolved     keywords:
57 silly install resolved      [ 'nvm',
57 silly install resolved        'node',
57 silly install resolved        'version',
57 silly install resolved        'manager',
57 silly install resolved        'switcher',
57 silly install resolved        'node',
57 silly install resolved        'binary',
57 silly install resolved        'env' ],
57 silly install resolved     bin: { n: './bin/n' },
57 silly install resolved     repository: { type: 'git', url: 'git://github.com/tj/n.git' },
57 silly install resolved     preferGlobal: true,
57 silly install resolved     os: [ '!win32' ],
57 silly install resolved     engines: { node: '*' },
57 silly install resolved     license: 'MIT',
57 silly install resolved     gitHead: '8c05c5ab2633bc55def0bcb79351598a60c6f66f',
57 silly install resolved     _id: 'n@1.2.14',
57 silly install resolved     scripts: {},
57 silly install resolved     _shasum: '7077636af32fc7e7303e33a99945d6135dc78020',
57 silly install resolved     _from: 'n@>=1.2.13 <2.0.0',
57 silly install resolved     _npmVersion: '2.3.0',
57 silly install resolved     _nodeVersion: '0.11.16',
57 silly install resolved     _npmUser: { name: 'tjwebb', email: 'me@traviswebb.com' },
57 silly install resolved     maintainers: [ [Object], [Object], [Object] ],
57 silly install resolved     dist:
57 silly install resolved      { shasum: '7077636af32fc7e7303e33a99945d6135dc78020',
57 silly install resolved        tarball: 'http://registry.npmjs.org/n/-/n-1.2.14.tgz' },
57 silly install resolved     directories: {},
57 silly install resolved     _resolved: 'https://registry.npmjs.org/n/-/n-1.2.14.tgz' } ]
58 info install n@1.2.14 into c:\Users\andrew\Documents\GitHub\ClearNLP-demo-website
59 info installOne n@1.2.14
60 verbose installOne of n to c:\Users\andrew\Documents\GitHub\ClearNLP-demo-website not in flight; installing
61 verbose lock using C:\Users\andrew\AppData\Roaming\npm-cache\_locks\n-d120ec65d2375ce3.lock for c:\Users\andrew\Documents\GitHub\ClearNLP-demo-website\node_modules\n
62 verbose unlock done using C:\Users\andrew\AppData\Roaming\npm-cache\_locks\n-d120ec65d2375ce3.lock for c:\Users\andrew\Documents\GitHub\ClearNLP-demo-website\node_modules\n
63 verbose stack Error: Unsupported
63 verbose stack     at checkPlatform (c:\Program Files\nodejs\node_modules\npm\node_modules\npm-install-checks\index.js:47:14)
63 verbose stack     at Array.<anonymous> (c:\Program Files\nodejs\node_modules\npm\node_modules\slide\lib\bind-actor.js:15:8)
63 verbose stack     at LOOP (c:\Program Files\nodejs\node_modules\npm\node_modules\slide\lib\chain.js:15:14)
63 verbose stack     at c:\Program Files\nodejs\node_modules\npm\node_modules\slide\lib\chain.js:18:7
63 verbose stack     at checkEngine (c:\Program Files\nodejs\node_modules\npm\node_modules\npm-install-checks\index.js:26:10)
63 verbose stack     at Array.<anonymous> (c:\Program Files\nodejs\node_modules\npm\node_modules\slide\lib\bind-actor.js:15:8)
63 verbose stack     at LOOP (c:\Program Files\nodejs\node_modules\npm\node_modules\slide\lib\chain.js:15:14)
63 verbose stack     at chain (c:\Program Files\nodejs\node_modules\npm\node_modules\slide\lib\chain.js:20:5)
63 verbose stack     at c:\Program Files\nodejs\node_modules\npm\lib\install.js:949:5
63 verbose stack     at c:\Program Files\nodejs\node_modules\npm\lib\utils\locker.js:40:9
64 verbose pkgid n@1.2.14
65 verbose cwd c:\Users\andrew\Documents\GitHub\ClearNLP-demo-website
66 error Windows_NT 6.3.9600
67 error argv "c:\\Program Files\\nodejs\\node.exe" "c:\\Program Files\\nodejs\\node_modules\\npm\\bin\\npm-cli.js" "install"
68 error node v0.12.0
69 error npm  v2.5.1
70 error code EBADPLATFORM
71 error notsup Unsupported
71 error notsup Not compatible with your operating system or architecture: n@1.2.14
71 error notsup Valid OS:    !win32
71 error notsup Valid Arch:  any
71 error notsup Actual OS:   win32
71 error notsup Actual Arch: x64
72 verbose exit [ 1, true ]
